|SourceProjectName:CATO_GDPR.hpr
|DestinationProjectName:index.htm
index_hha.hhk
index.hhc
index.hhk
logging_on_sso.htm
project_executive_introduction.htm
searching_in_cadmeasure_session_files.htm
searching_in_cato_projects.htm
understanding_compare_methods.htm
template\Causeway\causeway-logo.png
template\Causeway\roboto-light-webfont.eot
template\Causeway\roboto-light-webfont.svg
template\Causeway\roboto-light-webfont.ttf
template\Causeway\roboto-light-webfont.woff
template\Causeway\roboto-light-webfont.woff2
template\Causeway\roboto-medium-webfont.eot
template\Causeway\roboto-medium-webfont.svg
template\Causeway\roboto-medium-webfont.ttf
template\Causeway\roboto-medium-webfont.woff
template\Causeway\roboto-medium-webfont.woff2
template\Causeway\roboto-regular-webfont.eot
template\Causeway\roboto-regular-webfont.svg
template\Causeway\roboto-regular-webfont.ttf
template\Causeway\roboto-regular-webfont.woff
template\Causeway\roboto-regular-webfont.woff2
template\Causeway\roboto-thin-webfont.eot
template\Causeway\roboto-thin-webfont.svg
template\Causeway\roboto-thin-webfont.ttf
template\Causeway\roboto-thin-webfont.woff
template\Causeway\roboto-thin-webfont.woff2
template\Charcoal_Grey\usersettings.js
template\Causeway\usersettings.js
template\Indigo\usersettings.js
index.glo
Causeway.css
default.css
template\Desktop_Government_WithHomePage\Layout.css
template\Charcoal_Grey\layout-rtl.css
template\Charcoal_Grey\layout.css
template\Causeway\layout-rtl.css
template\Causeway\layout.css
Causeway_-_CHM.css
template\Indigo\layout.css
template\Indigo\layout-rtl.css
template\Indigo\theme-1.css
template\Indigo\toc_c_images.css
template\Indigo\theme-1-arrow-prev-over.png
template\Indigo\theme-1-bookmark-add.png
template\Indigo\theme-1-toc-external.png
template\Indigo\theme-1-toc-back-over.png
template\Indigo\theme-1-toc-book-over.png
template\Indigo\theme-1-tick-overlay.png
template\Indigo\preview\home-desktop.png
template\Causeway\filter_desktop.png
template\Causeway\next_mobile.png
template\Causeway\search_desktop.png
template\Charcoal_Grey\toc_link_desktop_ltr.png
template\Charcoal_Grey\next_active.png
template\Charcoal_Grey\search_mobile_active.png
template\Charcoal_Grey\back_mobile_filter.png
template\Charcoal_Grey\andsearch_nomark.png
template\Charcoal_Grey\toc_book_open_drildown.png
template\Charcoal_Grey\toc_link_desktop_rtl.png
template\Desktop_Government_WithHomePage\home_default.png
template\Indigo\theme-1-arrow-prev.png
template\Indigo\theme-1-bookmark-added.png
template\Indigo\theme-1-bin-overlay-over.png
template\Indigo\theme-1-search-remove-overlay-hover.png
template\Causeway\slider_open_ltr.png
template\Causeway\next_active.png
template\Causeway\search_mobile_active.png
template\Causeway\toc_book_open_mobile.png
template\Charcoal_Grey\previous_mobile_active.png
template\Charcoal_Grey\toc_book_open_desktop.png
template\Desktop_Government_WithHomePage\BSNext.png
template\Desktop_Government_WithHomePage\BSBack.png
template\Desktop_Government_WithHomePage\TOCTreePage.png
template\Desktop_Government_WithHomePage\TOCTreeCloseBookHover.png
template\Desktop_Government_WithHomePage\Search.png
template\Desktop_Government_WithHomePage\searchPrev.png
template\Desktop_Government_WithHomePage\banner.png
template\Desktop_Government_WithHomePage\banner_repeater.png
template\Indigo\preview\basic-settings.png
template\Indigo\preview\layout-media-queries.png
template\Causeway\slider_open_rtl.png
template\Causeway\next_tab_active.png
template\Causeway\filter_clearall.png
template\Charcoal_Grey\filter_tab.png
template\Charcoal_Grey\search_tab_active.png
template\Charcoal_Grey\filter_tab_applied_active.png
template\Charcoal_Grey\filter_mobile.png
template\Charcoal_Grey\index_mobile.png
template\Charcoal_Grey\filter_mobile_active.png
template\Charcoal_Grey\toc_mobile_active.png
template\Indigo\theme-1-bookmark-added-over.png
template\Indigo\theme-1-search-results-presentations.png
template\Causeway\slider_ltr.png
template\Causeway\slider_rtl.png
template\Causeway\search_tab.png
template\Causeway\filter_tab.png
template\Causeway\back_mobile_filter.png
template\Charcoal_Grey\search_tab.png
template\Charcoal_Grey\toc_tab_active.png
template\Charcoal_Grey\previous_tab_active.png
template\Charcoal_Grey\previous_tab.png
template\Charcoal_Grey\toc_mobile.png
template\Charcoal_Grey\social_open.png
template\Charcoal_Grey\filter_mark.png
template\Charcoal_Grey\toc_topic_mobile.png
template\Indigo\logo.png
template\Indigo\theme-1-arrow-next.png
template\Indigo\theme-1-cross-overlay.png
template\Indigo\theme-1-search-remove.png
template\Causeway\back_mobile_ltr.png
template\Charcoal_Grey\slider_open_ltr.png
template\Charcoal_Grey\print_desktop.png
template\Charcoal_Grey\slider_open_rtl.png
template\Charcoal_Grey\filter_desktop.png
template\Charcoal_Grey\filter_tab_active.png
template\Charcoal_Grey\glossary_tab_active.png
template\Charcoal_Grey\andsearch_mark.png
template\Indigo\custom-toc-image-50.png
template\Indigo\custom-toc-image-49.png
template\Indigo\custom-toc-image-48.png
template\Indigo\custom-toc-image-47.png
template\Indigo\custom-toc-image-46.png
template\Indigo\custom-toc-image-45.png
template\Indigo\custom-toc-image-44.png
template\Indigo\custom-toc-image-43.png
template\Indigo\custom-toc-image-42.png
template\Indigo\custom-toc-image-41.png
template\Indigo\custom-toc-image-40.png
template\Indigo\custom-toc-image-39.png
template\Indigo\custom-toc-image-38.png
template\Indigo\custom-toc-image-37.png
template\Indigo\custom-toc-image-36.png
template\Indigo\custom-toc-image-35.png
template\Indigo\custom-toc-image-34.png
template\Indigo\custom-toc-image-33.png
template\Indigo\custom-toc-image-32.png
template\Indigo\custom-toc-image-31.png
template\Indigo\custom-toc-image-30.png
template\Indigo\custom-toc-image-29.png
template\Indigo\custom-toc-image-28.png
template\Indigo\custom-toc-image-27.png
template\Indigo\custom-toc-image-26.png
template\Indigo\custom-toc-image-25.png
template\Indigo\custom-toc-image-24.png
template\Indigo\custom-toc-image-23.png
template\Indigo\custom-toc-image-22.png
template\Indigo\custom-toc-image-21.png
template\Indigo\custom-toc-image-20.png
template\Indigo\custom-toc-image-19.png
template\Indigo\custom-toc-image-18.png
template\Indigo\custom-toc-image-17.png
template\Indigo\custom-toc-image-16.png
template\Indigo\custom-toc-image-15.png
template\Indigo\custom-toc-image-14.png
template\Indigo\custom-toc-image-13.png
template\Indigo\custom-toc-image-12.png
template\Indigo\custom-toc-image-11.png
template\Indigo\custom-toc-image-10.png
template\Indigo\custom-toc-image-9.png
template\Indigo\custom-toc-image-8.png
template\Indigo\custom-toc-image-7.png
template\Indigo\custom-toc-image-6.png
template\Indigo\custom-toc-image-5.png
template\Indigo\custom-toc-image-4.png
template\Indigo\custom-toc-image-3.png
template\Indigo\custom-toc-image-2.png
template\Indigo\custom-toc-image-1.png
template\Indigo\print-icon-hover.png
template\Indigo\theme-1-arrow-toc-back-over.png
template\Indigo\theme-1-cross-overlay-over.png
template\Causeway\top.png
template\Causeway\previous_tab_active.png
template\Causeway\andsearch_nomark.png
template\Causeway\glossary_mobile.png
template\Causeway\loading.gif
template\Charcoal_Grey\top.png
template\Charcoal_Grey\previous_active.png
template\Charcoal_Grey\next_mobile_active.png
template\Charcoal_Grey\logo.png
template\Desktop_Government_WithHomePage\TOCTreeOpenBookHover.png
Images\dl_Login.png
template\Indigo\theme-1-radio-button.png
template\Indigo\theme-1-check-box.png
template\Indigo\theme-1-topic-active.png
template\Indigo\preview\sidebar-favorites.png
template\Indigo\preview\topic-shared.png
template\Causeway\previous_tab.png
template\Causeway\index_mobile.png
template\Causeway\idx_topic.png
template\Charcoal_Grey\slider_rtl.png
template\Charcoal_Grey\filter_tab_applied.png
template\Charcoal_Grey\next_tab.png
template\Charcoal_Grey\glossary_mobile_active.png
template\Charcoal_Grey\search_desktop.png
template\Desktop_Government_WithHomePage\Print.png
template\Indigo\theme-1-search-results-topics.png
template\Indigo\theme-1-toc-topic-over.png
template\Indigo\theme-1-arrow-toc-back.png
template\Indigo\preview\sidebar-glossary.png
template\Causeway\next.png
template\Causeway\toc_tab.png
template\Causeway\back_mobile_rtl.png
template\Causeway\menu.png
template\Causeway\toc_book_open_drildown.png
template\Causeway\logo.png
template\Causeway\toc_book_closed_mobile.png
template\Charcoal_Grey\toc_link_mobile_ltr.png
template\Charcoal_Grey\toc_book_closed_mobile_ltr.png
template\Charcoal_Grey\search_desktop_active.png
template\Charcoal_Grey\previous.png
template\Charcoal_Grey\toc_book_closed_mobile_rtl.png
template\Desktop_Government_WithHomePage\TOCTreeLinkHover.png
template\Desktop_Government_WithHomePage\TOCTreePageHover.png
template\Desktop_Government_WithHomePage\TOCTreeOpenBook.png
template\Desktop_Government_WithHomePage\TOCTreeCloseBookSelected.png
template\Indigo\theme-1-search-results-pdfs.png
template\Indigo\preview\sidebar-search.png
template\Indigo\preview\sidebar-shared.png
Images\icon_browse_button.png
template\Causeway\next_tab.png
template\Causeway\toc_topic_mobile.png
template\Charcoal_Grey\next_tab_active.png
template\Charcoal_Grey\search_mobile.png
template\Charcoal_Grey\loading.gif
template\Desktop_Government_WithHomePage\TOCTreeLink.png
template\Indigo\theme-1-search-desktop.png
template\Indigo\preview\topic-desktop.png
template\Indigo\preview\header.png
template\Causeway\toc_mobile.png
template\Causeway\previous_mobile_active.png
template\Charcoal_Grey\index_tab.png
template\Charcoal_Grey\next_mobile.png
template\Charcoal_Grey\filter_nomark_radio.png
template\Charcoal_Grey\filter_nomark.png
template\Charcoal_Grey\toc_book_open_mobile.png
template\Desktop_Government_WithHomePage\TOCTreeOpenBookHoverSelected.png
template\Desktop_Government_WithHomePage\TOCTreeCloseBook.png
template\Indigo\theme-1-arrow-next-over.png
template\Indigo\print-icon.png
template\Indigo\theme-1-bookmarks.png
Images\GDPR_window.png
template\Causeway\index_tab.png
template\Causeway\filter_mobile_applied.png
template\Causeway\toc_book_open_desktop.png
template\Charcoal_Grey\toc_book_closed_desktop_ltr.png
template\Charcoal_Grey\glossary_mobile.png
template\Charcoal_Grey\toc_book_closed_desktop_rtl.png
template\Indigo\theme-1-search-remove-hover.png
template\Indigo\preview\sidebar-filter.png
template\Causeway\previous.png
template\Causeway\search_desktop_navigation.png
template\Causeway\filter_tab_applied.png
template\Causeway\glossary_tab.png
template\Causeway\search_mobile_navigation.png
template\Causeway\filter_mark_radio.png
template\Charcoal_Grey\filter_mark_radio.png
template\Indigo\theme-1-bookmarks-over.png
template\Indigo\theme-1-bookmark-add-over.png
template\Indigo\theme-1-radio-button-selected.png
template\Indigo\theme-1-toc-external-over.png
template\Causeway\social_close_ltr.png
template\Causeway\print_desktop.png
template\Causeway\search_desktop_active.png
template\Causeway\filter_desktop_applied.png
template\Causeway\glossary_desktop.png
template\Causeway\index_desktop.png
template\Causeway\social_close_rtl.png
template\Causeway\social_open.png
template\Causeway\filter_mark.png
template\Charcoal_Grey\slider_ltr.png
template\Charcoal_Grey\index_desktop.png
template\Charcoal_Grey\back_to_topic.png
template\Charcoal_Grey\filter_clearall.png
template\Charcoal_Grey\toc_topic_desktop.png
template\Charcoal_Grey\toc_link_mobile_rtl.png
template\Indigo\theme-1-toc-topic.png
template\Indigo\theme-1-toc-back.png
template\Indigo\theme-1-toc-book.png
template\Indigo\theme-1-arrow-toc-drill-down-over.png
template\Causeway\toc_link_desktop_ltr.png
template\Causeway\toc_link_mobile_ltr.png
template\Causeway\toc_desktop.png
template\Causeway\next_mobile_active.png
template\Causeway\toc_link_desktop_rtl.png
template\Causeway\toc_link_mobile_rtl.png
template\Charcoal_Grey\filter_desktop_applied.png
template\Charcoal_Grey\toc_tab.png
template\Charcoal_Grey\search_mobile_navigation.png
template\Charcoal_Grey\filter_mobile_applied.png
template\Desktop_Government_WithHomePage\background_grid.png
template\Indigo\theme-1-search.png
template\Indigo\theme-1-menu.png
template\Causeway\filter_nomark_radio.png
template\Causeway\toc_book_closed_desktop.png
template\Charcoal_Grey\toc_desktop.png
template\Charcoal_Grey\glossary_tab.png
template\Charcoal_Grey\previous_mobile.png
template\Desktop_Government_WithHomePage\TOCTreeLinkSelected.png
template\Desktop_Government_WithHomePage\TOCTreePageSelected.png
template\Indigo\theme-1-tick-button.png
template\Indigo\preview\sidebar-index.png
template\Indigo\preview\sidebar-contents.png
template\Indigo\preview\home-shared.png
template\Causeway\andsearch_mark.png
template\Causeway\toc_topic_desktop.png
template\Charcoal_Grey\social_close_ltr.png
template\Charcoal_Grey\glossary_desktop.png
template\Charcoal_Grey\index_tab_active.png
template\Charcoal_Grey\search_mobile_navigation_active.png
template\Charcoal_Grey\filter_mobile_applied_active.png
template\Charcoal_Grey\social_close_rtl.png
template\Indigo\theme-1-bin-overlay.png
template\Indigo\theme-1-search-results-text-files.png
template\Indigo\theme-1-search-results-spreadsheets.png
template\Indigo\theme-1-search-results-documents.png
template\Indigo\theme-1-check-box-selected.png
template\Indigo\theme-1-topic-active-overlay.png
template\Indigo\theme-1-arrow-toc-drill-down.png
template\Indigo\loading.gif
Images\dlg_search_results.png
template\Causeway\previous_active.png
template\Causeway\search_mobile.png
template\Causeway\previous_mobile.png
template\Causeway\filter_mobile.png
template\Causeway\filter_nomark.png
template\Charcoal_Grey\next.png
template\Charcoal_Grey\search_desktop_navigation.png
template\Charcoal_Grey\index_mobile_active.png
template\Charcoal_Grey\idx_topic.png
template\Desktop_Government_WithHomePage\searchNext.png
index.ppf
ehlpdhtm.js
SearchOptions.xml
RoboHHRE.lng
whxdata\toc.js
whxdata\toc.new.js
whxdata\idata1.js
whxdata\idata1.new.js
whxdata\idx.js
whxdata\idx.new.js
whxdata\glo.js
whxdata\glo.new.js
whxdata\package_0_xml.js
whxdata\package_1_xml.js
whxdata\packageindex_xml.js
whxdata\synonym.xml
whxdata\synonym_xml.js
whxdata\topictable_0_xml.js
whxdata\topictableindex_xml.js
whxdata\whfts.xml
whxdata\whfts_xml.js
whxdata\csh.js
whxdata\window.js
projectdata.js
